2022-09-05 16:33:36,905:INFO:PyCaret Supervised Module
2022-09-05 16:33:36,905:INFO:ML Usecase: regression
2022-09-05 16:33:36,905:INFO:version 2.3.5
2022-09-05 16:33:36,906:INFO:Initializing setup()
2022-09-05 16:33:36,906:INFO:setup(target=Compressive Strength (28-day)(Mpa), ml_usecase=regression, available_plots={'parameter': 'Hyperparameters', 'residuals': 'Residuals', 'error': 'Prediction Error', 'cooks': 'Cooks Distance', 'rfe': 'Feature Selection', 'learning': 'Learning Curve', 'manifold': 'Manifold Learning', 'vc': 'Validation Curve', 'feature': 'Feature Importance', 'feature_all': 'Feature Importance (All)', 'tree': 'Decision Tree', 'residuals_interactive': 'Interactive Residuals'}, train_size=0.7, test_data=None, preprocess=True, imputation_type=simple, iterative_imputation_iters=5, categorical_features=None, categorical_imputation=constant, categorical_iterative_imputer=lightgbm, ordinal_features=None, high_cardinality_features=None, high_cardinality_method=frequency, numeric_features=None, numeric_imputation=mean, numeric_iterative_imputer=lightgbm, date_features=None, ignore_features=['car_ID', 'CarName'], normalize=True, normalize_method=zscore, transformation=False, transformation_method=yeo-johnson, handle_unknown_categorical=True, unknown_categorical_method=least_frequent, pca=False, pca_method=linear, pca_components=None, ignore_low_variance=False, combine_rare_levels=False, rare_level_threshold=0.1, bin_numeric_features=None, remove_outliers=False, outliers_threshold=0.05, remove_multicollinearity=False, multicollinearity_threshold=0.9, remove_perfect_collinearity=True, create_clusters=False, cluster_iter=20, polynomial_features=False, polynomial_degree=2, trigonometry_features=False, polynomial_threshold=0.1, group_features=None, group_names=None, feature_selection=False, feature_selection_threshold=0.8, feature_selection_method=classic, feature_interaction=False, feature_ratio=False, interaction_threshold=0.01, fix_imbalance=False, fix_imbalance_method=None, transform_target=False, transform_target_method=box-cox, data_split_shuffle=True, data_split_stratify=False, fold_strategy=kfold, fold=10, fold_shuffle=False, fold_groups=None, n_jobs=-1, use_gpu=False, custom_pipeline=None, html=True, session_id=None, log_experiment=False, experiment_name=None, log_plots=False, log_profile=False, log_data=False, silent=True, verbose=True, profile=False, profile_kwargs=None, display=None)
2022-09-05 16:33:36,906:INFO:Checking environment
2022-09-05 16:33:36,906:INFO:python_version: 3.8.13
2022-09-05 16:33:36,906:INFO:python_build: ('default', 'Mar 28 2022 06:59:08')
2022-09-05 16:33:36,906:INFO:machine: AMD64
2022-09-05 16:33:36,907:INFO:platform: Windows-10-10.0.19043-SP0
2022-09-05 16:33:36,907:INFO:Memory: svmem(total=8497545216, available=1257906176, percent=85.2, used=7239639040, free=1257906176)
2022-09-05 16:33:36,907:INFO:Physical Core: 4
2022-09-05 16:33:36,907:INFO:Logical Core: 8
2022-09-05 16:33:36,907:INFO:Checking libraries
2022-09-05 16:33:36,907:INFO:pd==1.4.3
2022-09-05 16:33:36,907:INFO:numpy==1.19.5
2022-09-05 16:33:36,907:INFO:sklearn==1.1.2
2022-09-05 16:36:46,437:INFO:PyCaret Supervised Module
2022-09-05 16:36:46,437:INFO:ML Usecase: regression
2022-09-05 16:36:46,437:INFO:version 2.3.5
2022-09-05 16:36:46,438:INFO:Initializing setup()
2022-09-05 16:36:46,438:INFO:setup(target=Compressive Strength (28-day)(Mpa), ml_usecase=regression, available_plots={'parameter': 'Hyperparameters', 'residuals': 'Residuals', 'error': 'Prediction Error', 'cooks': 'Cooks Distance', 'rfe': 'Feature Selection', 'learning': 'Learning Curve', 'manifold': 'Manifold Learning', 'vc': 'Validation Curve', 'feature': 'Feature Importance', 'feature_all': 'Feature Importance (All)', 'tree': 'Decision Tree', 'residuals_interactive': 'Interactive Residuals'}, train_size=0.7, test_data=None, preprocess=True, imputation_type=simple, iterative_imputation_iters=5, categorical_features=None, categorical_imputation=constant, categorical_iterative_imputer=lightgbm, ordinal_features=None, high_cardinality_features=None, high_cardinality_method=frequency, numeric_features=None, numeric_imputation=mean, numeric_iterative_imputer=lightgbm, date_features=None, ignore_features=['car_ID', 'CarName'], normalize=True, normalize_method=zscore, transformation=False, transformation_method=yeo-johnson, handle_unknown_categorical=True, unknown_categorical_method=least_frequent, pca=False, pca_method=linear, pca_components=None, ignore_low_variance=False, combine_rare_levels=False, rare_level_threshold=0.1, bin_numeric_features=None, remove_outliers=False, outliers_threshold=0.05, remove_multicollinearity=False, multicollinearity_threshold=0.9, remove_perfect_collinearity=True, create_clusters=False, cluster_iter=20, polynomial_features=False, polynomial_degree=2, trigonometry_features=False, polynomial_threshold=0.1, group_features=None, group_names=None, feature_selection=False, feature_selection_threshold=0.8, feature_selection_method=classic, feature_interaction=False, feature_ratio=False, interaction_threshold=0.01, fix_imbalance=False, fix_imbalance_method=None, transform_target=False, transform_target_method=box-cox, data_split_shuffle=True, data_split_stratify=False, fold_strategy=kfold, fold=10, fold_shuffle=False, fold_groups=None, n_jobs=-1, use_gpu=False, custom_pipeline=None, html=True, session_id=None, log_experiment=False, experiment_name=None, log_plots=False, log_profile=False, log_data=False, silent=True, verbose=True, profile=False, profile_kwargs=None, display=None)
2022-09-05 16:36:46,439:INFO:Checking environment
2022-09-05 16:36:46,439:INFO:python_version: 3.8.13
2022-09-05 16:36:46,439:INFO:python_build: ('default', 'Mar 28 2022 06:59:08')
2022-09-05 16:36:46,439:INFO:machine: AMD64
2022-09-05 16:36:46,439:INFO:platform: Windows-10-10.0.19043-SP0
2022-09-05 16:36:46,440:INFO:Memory: svmem(total=8497545216, available=1120886784, percent=86.8, used=7376658432, free=1120886784)
2022-09-05 16:36:46,440:INFO:Physical Core: 4
2022-09-05 16:36:46,440:INFO:Logical Core: 8
2022-09-05 16:36:46,440:INFO:Checking libraries
2022-09-05 16:36:46,440:INFO:pd==1.4.3
2022-09-05 16:36:46,440:INFO:numpy==1.19.5
2022-09-05 16:36:46,441:INFO:sklearn==1.1.2
2022-09-05 16:38:11,969:INFO:PyCaret Supervised Module
2022-09-05 16:38:11,970:INFO:ML Usecase: regression
2022-09-05 16:38:11,970:INFO:version 2.3.5
2022-09-05 16:38:11,970:INFO:Initializing setup()
2022-09-05 16:38:11,970:INFO:setup(target=Compressive Strength (28-day)(Mpa), ml_usecase=regression, available_plots={'parameter': 'Hyperparameters', 'residuals': 'Residuals', 'error': 'Prediction Error', 'cooks': 'Cooks Distance', 'rfe': 'Feature Selection', 'learning': 'Learning Curve', 'manifold': 'Manifold Learning', 'vc': 'Validation Curve', 'feature': 'Feature Importance', 'feature_all': 'Feature Importance (All)', 'tree': 'Decision Tree', 'residuals_interactive': 'Interactive Residuals'}, train_size=0.7, test_data=None, preprocess=True, imputation_type=simple, iterative_imputation_iters=5, categorical_features=None, categorical_imputation=constant, categorical_iterative_imputer=lightgbm, ordinal_features=None, high_cardinality_features=None, high_cardinality_method=frequency, numeric_features=None, numeric_imputation=mean, numeric_iterative_imputer=lightgbm, date_features=None, ignore_features=['car_ID', 'CarName'], normalize=True, normalize_method=zscore, transformation=False, transformation_method=yeo-johnson, handle_unknown_categorical=True, unknown_categorical_method=least_frequent, pca=False, pca_method=linear, pca_components=None, ignore_low_variance=False, combine_rare_levels=False, rare_level_threshold=0.1, bin_numeric_features=None, remove_outliers=False, outliers_threshold=0.05, remove_multicollinearity=False, multicollinearity_threshold=0.9, remove_perfect_collinearity=True, create_clusters=False, cluster_iter=20, polynomial_features=False, polynomial_degree=2, trigonometry_features=False, polynomial_threshold=0.1, group_features=None, group_names=None, feature_selection=False, feature_selection_threshold=0.8, feature_selection_method=classic, feature_interaction=False, feature_ratio=False, interaction_threshold=0.01, fix_imbalance=False, fix_imbalance_method=None, transform_target=False, transform_target_method=box-cox, data_split_shuffle=True, data_split_stratify=False, fold_strategy=kfold, fold=10, fold_shuffle=False, fold_groups=None, n_jobs=-1, use_gpu=False, custom_pipeline=None, html=True, session_id=None, log_experiment=False, experiment_name=None, log_plots=False, log_profile=False, log_data=False, silent=True, verbose=True, profile=False, profile_kwargs=None, display=None)
2022-09-05 16:38:11,971:INFO:Checking environment
2022-09-05 16:38:11,971:INFO:python_version: 3.8.13
2022-09-05 16:38:11,971:INFO:python_build: ('default', 'Mar 28 2022 06:59:08')
2022-09-05 16:38:11,971:INFO:machine: AMD64
2022-09-05 16:38:11,971:INFO:platform: Windows-10-10.0.19043-SP0
2022-09-05 16:38:11,972:INFO:Memory: svmem(total=8497545216, available=1232457728, percent=85.5, used=7265087488, free=1232457728)
2022-09-05 16:38:11,972:INFO:Physical Core: 4
2022-09-05 16:38:11,972:INFO:Logical Core: 8
2022-09-05 16:38:11,972:INFO:Checking libraries
2022-09-05 16:38:11,972:INFO:pd==1.4.3
2022-09-05 16:38:11,972:INFO:numpy==1.19.5
2022-09-05 16:38:11,972:INFO:sklearn==1.1.2
2022-09-05 16:46:14,229:INFO:PyCaret Supervised Module
2022-09-05 16:46:14,230:INFO:ML Usecase: regression
2022-09-05 16:46:14,230:INFO:version 2.3.5
2022-09-05 16:46:14,230:INFO:Initializing setup()
2022-09-05 16:46:14,230:INFO:setup(target=Compressive Strength (28-day)(Mpa), ml_usecase=regression, available_plots={'parameter': 'Hyperparameters', 'residuals': 'Residuals', 'error': 'Prediction Error', 'cooks': 'Cooks Distance', 'rfe': 'Feature Selection', 'learning': 'Learning Curve', 'manifold': 'Manifold Learning', 'vc': 'Validation Curve', 'feature': 'Feature Importance', 'feature_all': 'Feature Importance (All)', 'tree': 'Decision Tree', 'residuals_interactive': 'Interactive Residuals'}, train_size=0.7, test_data=None, preprocess=True, imputation_type=simple, iterative_imputation_iters=5, categorical_features=None, categorical_imputation=constant, categorical_iterative_imputer=lightgbm, ordinal_features=None, high_cardinality_features=None, high_cardinality_method=frequency, numeric_features=None, numeric_imputation=mean, numeric_iterative_imputer=lightgbm, date_features=None, ignore_features=['car_ID', 'CarName'], normalize=True, normalize_method=zscore, transformation=False, transformation_method=yeo-johnson, handle_unknown_categorical=True, unknown_categorical_method=least_frequent, pca=False, pca_method=linear, pca_components=None, ignore_low_variance=False, combine_rare_levels=False, rare_level_threshold=0.1, bin_numeric_features=None, remove_outliers=False, outliers_threshold=0.05, remove_multicollinearity=False, multicollinearity_threshold=0.9, remove_perfect_collinearity=True, create_clusters=False, cluster_iter=20, polynomial_features=False, polynomial_degree=2, trigonometry_features=False, polynomial_threshold=0.1, group_features=None, group_names=None, feature_selection=False, feature_selection_threshold=0.8, feature_selection_method=classic, feature_interaction=False, feature_ratio=False, interaction_threshold=0.01, fix_imbalance=False, fix_imbalance_method=None, transform_target=False, transform_target_method=box-cox, data_split_shuffle=True, data_split_stratify=False, fold_strategy=kfold, fold=10, fold_shuffle=False, fold_groups=None, n_jobs=-1, use_gpu=False, custom_pipeline=None, html=True, session_id=None, log_experiment=False, experiment_name=None, log_plots=False, log_profile=False, log_data=False, silent=True, verbose=True, profile=False, profile_kwargs=None, display=None)
2022-09-05 16:46:14,230:INFO:Checking environment
2022-09-05 16:46:14,230:INFO:python_version: 3.8.13
2022-09-05 16:46:14,230:INFO:python_build: ('default', 'Mar 28 2022 06:59:08')
2022-09-05 16:46:14,230:INFO:machine: AMD64
2022-09-05 16:46:14,231:INFO:platform: Windows-10-10.0.19043-SP0
2022-09-05 16:46:14,231:INFO:Memory: svmem(total=8497545216, available=1112125440, percent=86.9, used=7385419776, free=1112125440)
2022-09-05 16:46:14,231:INFO:Physical Core: 4
2022-09-05 16:46:14,231:INFO:Logical Core: 8
2022-09-05 16:46:14,231:INFO:Checking libraries
2022-09-05 16:46:14,231:INFO:pd==1.4.3
2022-09-05 16:46:14,231:INFO:numpy==1.19.5
2022-09-05 16:46:14,231:INFO:sklearn==1.1.2
